<?xml version="1.0" encoding="UTF-8"?>
<!-- Generated by org.testng.reporters.JUnitXMLReporter -->
<testsuite hostname="DESKTOP-FJFPAOR" ignored="0" name="Bhanutest" tests="4" failures="1" timestamp="18 Aug 2021 06:21:44 GMT" time="37.603" errors="0">
  <testcase name="Login" time="28.857" classname="com.test.login.Loginuser"/>
  <testcase name="openbrowser" time="8.583" classname="com.test.login.TestNdAnnotion"/>
  <testcase name="logout" time="0.005" classname="com.test.login.TestNdAnnotion"/>
  <testcase name="login" time="0.003" classname="com.test.login.TestNdAnnotion">
    <failure type="java.lang.NullPointerException">
      <![CDATA[java.lang.NullPointerException
at java.util.Objects.requireNonNull(Unknown Source)
at org.openqa.selenium.support.ui.FluentWait.<init>(FluentWait.java:106)
at org.openqa.selenium.support.ui.WebDriverWait.<init>(WebDriverWait.java:85)
at org.openqa.selenium.support.ui.WebDriverWait.<init>(WebDriverWait.java:45)
at com.test.login.TestNdAnnotion.login(TestNdAnnotion.java:32)
... Removed 25 stack frames]]>
    </failure>
  </testcase> <!-- login -->
</testsuite> <!-- Bhanutest -->
