<?xml version="1.0" encoding="UTF-8"?>
<!-- Generated by org.testng.reporters.JUnitXMLReporter -->
<testsuite hostname="DESKTOP-FJFPAOR" ignored="0" name="Regressions" tests="4" failures="1" timestamp="2021-08-18T16:06:51 IST" time="23.274" errors="0">
  <testcase name="Login" time="14.314" classname="com.test.login.Loginuser"/>
  <testcase name="openbrowser" time="8.827" classname="com.test.login.TestNdAnnotion"/>
  <testcase name="logout" time="0.0" classname="com.test.login.TestNdAnnotion"/>
  <testcase name="login" time="0.006" classname="com.test.login.TestNdAnnotion">
    <failure type="java.lang.NullPointerException">
      <![CDATA[java.lang.NullPointerException
at com.test.login.TestNdAnnotion.login(TestNdAnnotion.java:26)
at java.util.ArrayList.forEach(Unknown Source)
... Removed 27 stack frames]]>
    </failure>
  </testcase> <!-- login -->
</testsuite> <!-- Regressions -->
