<?xml version="1.0" encoding="UTF-8"?>
<testng-results skipped="0" failed="1" ignored="0" total="6" passed="5">
  <reporter-output>
  </reporter-output>
  <suite name="BhanuSuite" duration-ms="52960" started-at="2021-08-18T16:06:27 IST" finished-at="2021-08-18T16:07:20 IST">
    <groups>
    </groups>
    <test name="Regressions" duration-ms="23274" started-at="2021-08-18T16:06:27 IST" finished-at="2021-08-18T16:06:50 IST">
      <class name="com.test.login.TestNdAnnotion">
        <test-method status="PASS" signature="openbrowser()[pri:0, instance:com.test.login.TestNdAnnotion@528931cf]" name="openbrowser" duration-ms="8827" started-at="2021-08-18T16:06:41 IST" finished-at="2021-08-18T16:06:50 IST">
          <reporter-output>
          </reporter-output>
        </test-method> <!-- openbrowser -->
        <test-method status="PASS" signature="logout()[pri:0, instance:com.test.login.TestNdAnnotion@528931cf]" name="logout" duration-ms="0" started-at="2021-08-18T16:06:50 IST" finished-at="2021-08-18T16:06:50 IST">
          <reporter-output>
          </reporter-output>
        </test-method> <!-- logout -->
        <test-method status="FAIL" signature="login()[pri:0, instance:com.test.login.TestNdAnnotion@528931cf]" name="login" duration-ms="6" started-at="2021-08-18T16:06:50 IST" depends-on-methods="com.test.login.TestNdAnnotion.openbrowser" finished-at="2021-08-18T16:06:50 IST">
          <exception class="java.lang.NullPointerException">
            <full-stacktrace>
              <![CDATA[java.lang.NullPointerException
at com.test.login.TestNdAnnotion.login(TestNdAnnotion.java:26)
at sun.reflect.NativeMethodAccessorImpl.invoke0(Native Method)
at sun.reflect.NativeMethodAccessorImpl.invoke(Unknown Source)
at sun.reflect.DelegatingMethodAccessorImpl.invoke(Unknown Source)
at java.lang.reflect.Method.invoke(Unknown Source)
at org.testng.internal.MethodInvocationHelper.invokeMethod(MethodInvocationHelper.java:133)
at org.testng.internal.TestInvoker.invokeMethod(TestInvoker.java:598)
at org.testng.internal.TestInvoker.invokeTestMethod(TestInvoker.java:173)
at org.testng.internal.MethodRunner.runInSequence(MethodRunner.java:46)
at org.testng.internal.TestInvoker$MethodInvocationAgent.invoke(TestInvoker.java:824)
at org.testng.internal.TestInvoker.invokeTestMethods(TestInvoker.java:146)
at org.testng.internal.TestMethodWorker.invokeTestMethods(TestMethodWorker.java:146)
at org.testng.internal.TestMethodWorker.run(TestMethodWorker.java:128)
at java.util.ArrayList.forEach(Unknown Source)
at org.testng.TestRunner.privateRun(TestRunner.java:794)
at org.testng.TestRunner.run(TestRunner.java:596)
at org.testng.SuiteRunner.runTest(SuiteRunner.java:377)
at org.testng.SuiteRunner.runSequentially(SuiteRunner.java:371)
at org.testng.SuiteRunner.privateRun(SuiteRunner.java:332)
at org.testng.SuiteRunner.run(SuiteRunner.java:276)
at org.testng.SuiteRunnerWorker.runSuite(SuiteRunnerWorker.java:53)
at org.testng.SuiteRunnerWorker.run(SuiteRunnerWorker.java:96)
at org.testng.TestNG.runSuitesSequentially(TestNG.java:1212)
at org.testng.TestNG.runSuitesLocally(TestNG.java:1134)
at org.testng.TestNG.runSuites(TestNG.java:1063)
at org.testng.TestNG.run(TestNG.java:1031)
at org.testng.remote.AbstractRemoteTestNG.run(AbstractRemoteTestNG.java:115)
at org.testng.remote.RemoteTestNG.initAndRun(RemoteTestNG.java:251)
at org.testng.remote.RemoteTestNG.main(RemoteTestNG.java:77)
]]>
            </full-stacktrace>
          </exception> <!-- java.lang.NullPointerException -->
          <reporter-output>
          </reporter-output>
        </test-method> <!-- login -->
      </class> <!-- com.test.login.TestNdAnnotion -->
      <class name="com.test.login.Loginuser">
        <test-method status="PASS" signature="Login()[pri:0, instance:com.test.login.Loginuser@e320068]" name="Login" duration-ms="14314" started-at="2021-08-18T16:06:27 IST" finished-at="2021-08-18T16:06:41 IST">
          <reporter-output>
          </reporter-output>
        </test-method> <!-- Login -->
      </class> <!-- com.test.login.Loginuser -->
    </test> <!-- Regressions -->
    <test name="smoke" duration-ms="29388" started-at="2021-08-18T16:06:51 IST" finished-at="2021-08-18T16:07:20 IST">
      <class name="com.test.login.Demo">
        <test-method status="PASS" signature="BeforeClass()[pri:0, instance:com.test.login.Demo@4eb7f003]" name="BeforeClass" is-config="true" duration-ms="4" started-at="2021-08-18T16:06:51 IST" finished-at="2021-08-18T16:06:51 IST">
          <reporter-output>
          </reporter-output>
        </test-method> <!-- BeforeClass -->
        <test-method status="PASS" signature="beforeMethod()[pri:0, instance:com.test.login.Demo@4eb7f003]" name="beforeMethod" is-config="true" duration-ms="14750" started-at="2021-08-18T16:06:51 IST" finished-at="2021-08-18T16:07:05 IST">
          <reporter-output>
          </reporter-output>
        </test-method> <!-- beforeMethod -->
        <test-method status="PASS" signature="test1()[pri:0, instance:com.test.login.Demo@4eb7f003]" name="test1" duration-ms="2" started-at="2021-08-18T16:07:05 IST" finished-at="2021-08-18T16:07:05 IST">
          <reporter-output>
          </reporter-output>
        </test-method> <!-- test1 -->
        <test-method status="PASS" signature="AfterMethod()[pri:0, instance:com.test.login.Demo@4eb7f003]" name="AfterMethod" is-config="true" duration-ms="285" started-at="2021-08-18T16:07:05 IST" finished-at="2021-08-18T16:07:06 IST">
          <reporter-output>
          </reporter-output>
        </test-method> <!-- AfterMethod -->
        <test-method status="PASS" signature="beforeMethod()[pri:0, instance:com.test.login.Demo@4eb7f003]" name="beforeMethod" is-config="true" duration-ms="14148" started-at="2021-08-18T16:07:06 IST" finished-at="2021-08-18T16:07:20 IST">
          <reporter-output>
          </reporter-output>
        </test-method> <!-- beforeMethod -->
        <test-method status="PASS" signature="test2()[pri:0, instance:com.test.login.Demo@4eb7f003]" name="test2" duration-ms="0" started-at="2021-08-18T16:07:20 IST" finished-at="2021-08-18T16:07:20 IST">
          <reporter-output>
          </reporter-output>
        </test-method> <!-- test2 -->
        <test-method status="PASS" signature="AfterMethod()[pri:0, instance:com.test.login.Demo@4eb7f003]" name="AfterMethod" is-config="true" duration-ms="173" started-at="2021-08-18T16:07:20 IST" finished-at="2021-08-18T16:07:20 IST">
          <reporter-output>
          </reporter-output>
        </test-method> <!-- AfterMethod -->
        <test-method status="PASS" signature="Afterclass()[pri:0, instance:com.test.login.Demo@4eb7f003]" name="Afterclass" is-config="true" duration-ms="1" started-at="2021-08-18T16:07:20 IST" finished-at="2021-08-18T16:07:20 IST">
          <reporter-output>
          </reporter-output>
        </test-method> <!-- Afterclass -->
      </class> <!-- com.test.login.Demo -->
    </test> <!-- smoke -->
  </suite> <!-- BhanuSuite -->
</testng-results>
